""" This is a test file for say_my_name function """


>>> say_my_name = __import__('3-say_my_name').say_my_name
>>> first_name = "Orlane"
>>> last_name = "Mathoré"
>>> say_my_name(first_name, last_name)
My name is Orlane Mathoré
>>>
>>> first_name = 5
>>> last_name = "Cooper"
>>> say_my_name(first_name, last_name)
Traceback (most recent call last):
  File "<stdin>", line 1, in <module>
  File "/mnt/c/Users/orlan/Programmation/Holberton_School/holbertonschool-higher_level_programming/0x07-python-test_driven_development/3-say_my_name.py", line 7, in say_my_name
    raise TypeError("first_name must be a string")
TypeError: first_name must be a string
>>> first_name = "Lily"
>>> last_name = 8
>>> say_my_name(first_name, last_name)
Traceback (most recent call last):
  File "<stdin>", line 1, in <module>
  File "/mnt/c/Users/orlan/Programmation/Holberton_School/holbertonschool-higher_level_programming/0x07-python-test_driven_development/3-say_my_name.py", line 9, in say_my_name
    raise TypeError("last_name must be a string")
TypeError: last_name must be a string
>>>
>>> first_name = 7
>>> last_name = 5
>>> say_my_name(first_name, last_name)
Traceback (most recent call last):
  File "<stdin>", line 1, in <module>
  File "/mnt/c/Users/orlan/Programmation/Holberton_School/holbertonschool-higher_level_programming/0x07-python-test_driven_development/3-say_my_name.py", line 7, in say_my_name
    raise TypeError("first_name must be a string")
TypeError: first_name must be a string
>>> last_name = "Black"
>>> say_my_name(first_name, last_name)
Traceback (most recent call last):
  File "<stdin>", line 1, in <module>
NameError: name 'first_name' is not defined

>>> first_name = "Ryan"
>>> say_my_name(first_name, last_name)
Traceback (most recent call last):
  File "<stdin>", line 1, in <module>
NameError: name 'last_name' is not defined
>>>
>>> say_my_name()
Traceback (most recent call last):
  File "<stdin>", line 1, in <module>
TypeError: say_my_name() missing 1 required positional argument: 'first_name'
